2025-05-02 19:24:24,608 - INFO - Django успешно настроен
2025-05-02 19:24:25,207 - INFO - Запуск получения новостей: 2025-05-02 19:24:25.207813
2025-05-02 19:24:25,208 - INFO - Начинаем получение новостей с QCF.kz
2025-05-02 19:24:26,301 - ERROR - Ошибка при получении страницы: 404
2025-05-02 19:24:26,303 - INFO - Получение новостей завершено: 2025-05-02 19:24:26.303468
2025-05-02 19:27:37,701 - INFO - Django успешно настроен
2025-05-02 19:27:38,394 - INFO - Запуск получения новостей: 2025-05-02 19:27:38.394693
2025-05-02 19:27:38,402 - INFO - Начинаем получение новостей с QCF.kz
2025-05-02 19:27:39,569 - ERROR - Ошибка при получении страницы: 404
2025-05-02 19:27:39,570 - INFO - Получение новостей завершено: 2025-05-02 19:27:39.570064
2025-05-02 19:27:58,456 - INFO - Django успешно настроен
2025-05-02 19:27:58,974 - INFO - Запуск получения новостей: 2025-05-02 19:27:58.974452
2025-05-02 19:27:58,975 - INFO - Начинаем получение новостей с QCF.kz
2025-05-02 19:28:00,401 - ERROR - Ошибка при получении страницы: 404
2025-05-02 19:28:00,402 - INFO - Получение новостей завершено: 2025-05-02 19:28:00.402618
2025-05-02 19:28:35,408 - INFO - Django успешно настроен
2025-05-02 19:28:35,898 - INFO - Запуск получения новостей: 2025-05-02 19:28:35.898456
2025-05-02 19:28:35,899 - INFO - Начинаем получение новостей с QCF.kz
2025-05-02 19:28:37,168 - ERROR - Ошибка при получении страницы: 404
2025-05-02 19:28:37,169 - INFO - Получение новостей завершено: 2025-05-02 19:28:37.169675
