[2025-05-02 19:07:11] Запуск получения новостей...
[2025-05-02 19:07:29] Получение новостей успешно завершено
2025-05-02 19:31:39,855 - INFO - Django успешно настроен
2025-05-02 19:31:40,347 - INFO - Запуск получения новостей: 2025-05-02 19:31:40.347125
2025-05-02 19:31:40,347 - INFO - Получение новостей с URL: https://qcf.kz/novosti/
2025-05-02 19:31:41,728 - INFO - Кодировка ответа: UTF-8
2025-05-02 19:31:41,765 - INFO - Анализ структуры HTML страницы...
2025-05-02 19:31:41,780 - INFO - Найдено 8 новостей на странице
2025-05-02 19:31:41,781 - INFO - Обрабатываем новость: Финал национальных отборов по PUBG Mobile завершен!
2025-05-02 19:31:41,782 - INFO - URL новости: https://qcf.kz/final-natsionalnyh-otborov-po-pubg-mobile-zavershen/
2025-05-02 19:31:41,789 - INFO - URL изображения: https://qcf.kz/wp-content/uploads/2025/04/IESF-itogi-PUBG-819x1024.png
2025-05-02 19:31:42,266 - INFO - Изображение сохранено: IESF-itogi-PUBG-819x1024.png
2025-05-02 19:31:42,266 - INFO - Добавлена новая новость: Финал национальных отборов по PUBG Mobile завершен!
2025-05-02 19:31:42,267 - INFO - Обрабатываем новость: Национальный отбор по CS2 в рамках WEC25 завершен.
2025-05-02 19:31:42,268 - INFO - URL новости: https://qcf.kz/natsionalnyj-otbor-po-cs2-v-ramkah-wec25-zavershen/
2025-05-02 19:31:42,271 - INFO - URL изображения: https://qcf.kz/wp-content/uploads/2025/04/photo_2025-04-07_16-56-58-819x1024.jpg
2025-05-02 19:31:42,541 - INFO - Изображение сохранено: photo_2025-04-07_16-56-58-819x1024.jpg
2025-05-02 19:31:42,542 - INFO - Добавлена новая новость: Национальный отбор по CS2 в рамках WEC25 завершен.
2025-05-02 19:31:42,544 - INFO - Обрабатываем новость: Победитель определён!
2025-05-02 19:31:42,544 - INFO - URL новости: https://qcf.kz/pobeditel-opredelyon/
2025-05-02 19:31:42,546 - INFO - URL изображения: https://qcf.kz/wp-content/uploads/2025/04/itogi-cs2-IESF-819x1024.png
2025-05-02 19:31:43,165 - INFO - Изображение сохранено: itogi-cs2-IESF-819x1024.png
2025-05-02 19:31:43,165 - INFO - Добавлена новая новость: Победитель определён!
2025-05-02 19:31:43,166 - INFO - Обрабатываем новость: Турнир по CS2 Female в рамках WEC25 by IESF продолжается!
2025-05-02 19:31:43,167 - INFO - URL новости: https://qcf.kz/turnir-po-cs2-female-v-ramkah-wec25-by-iesf-prodolzhaetsya/
2025-05-02 19:31:43,170 - INFO - URL изображения: https://qcf.kz/wp-content/uploads/2025/04/playoff-IESF-CS2-female-819x1024.png
2025-05-02 19:31:43,781 - INFO - Изображение сохранено: playoff-IESF-CS2-female-819x1024.png
2025-05-02 19:31:43,782 - INFO - Добавлена новая новость: Турнир по CS2 Female в рамках WEC25 by IESF продолжается!
2025-05-02 19:31:43,784 - INFO - Обрабатываем новость: Стартует плей-офф CS2 WEC25 by IESF.
2025-05-02 19:31:43,785 - INFO - URL новости: https://qcf.kz/startuet-plej-off-cs2-wec25-by-iesf/
2025-05-02 19:31:43,789 - INFO - URL изображения: https://qcf.kz/wp-content/uploads/2025/04/playoff-IESF-CS2-819x1024.png
2025-05-02 19:31:44,406 - INFO - Изображение сохранено: playoff-IESF-CS2-819x1024.png
2025-05-02 19:31:44,407 - INFO - Добавлена новая новость: Стартует плей-офф CS2 WEC25 by IESF.
2025-05-02 19:31:44,409 - INFO - Обрабатываем новость: Раскрываем все карты и делимся призами CS2 KZ 2025 Community Cup.
2025-05-02 19:31:44,410 - INFO - URL новости: https://qcf.kz/raskryvaem-vse-karty-i-delimsya-prizami-cs2-kz-2025-community-cup/
2025-05-02 19:31:44,413 - INFO - URL изображения: https://qcf.kz/wp-content/uploads/2025/04/IMG_3151-819x1024.png
2025-05-02 19:31:44,722 - INFO - Изображение сохранено: IMG_3151-819x1024.png
2025-05-02 19:31:44,722 - INFO - Добавлена новая новость: Раскрываем все карты и делимся призами CS2 KZ 2025 Community Cup.
2025-05-02 19:31:44,725 - INFO - Обрабатываем новость: Национальные квалификации по CS2 Female WEC25 by IESF – второй день соревнований!
2025-05-02 19:31:44,725 - INFO - URL новости: https://qcf.kz/natsionalnye-kvalifikatsii-po-cs2-female-wec25-by-iesf-vtoroj-den-sorevnovanij/
2025-05-02 19:31:44,728 - INFO - URL изображения: https://qcf.kz/wp-content/uploads/2025/04/Napominanie-IESF-CS2-women-2-819x1024.png
2025-05-02 19:31:45,258 - INFO - Изображение сохранено: Napominanie-IESF-CS2-women-2-819x1024.png
2025-05-02 19:31:45,258 - INFO - Добавлена новая новость: Национальные квалификации по CS2 Female WEC25 by IESF – второй день соревнований!
2025-05-02 19:31:45,260 - INFO - Обрабатываем новость: Завершились первые открытые квалификации по CS2 Female в рамках WEC25 by IESF!
2025-05-02 19:31:45,261 - INFO - URL новости: https://qcf.kz/zavershilis-pervye-otkrytye-kvalifikatsii-po-cs2-female-v-ramkah-wec25-by-iesf/
2025-05-02 19:31:45,264 - INFO - URL изображения: https://qcf.kz/wp-content/uploads/2025/04/Napominanie-IESF-CS2-women-819x1024.png
2025-05-02 19:31:45,854 - INFO - Изображение сохранено: Napominanie-IESF-CS2-women-819x1024.png
2025-05-02 19:31:45,854 - INFO - Добавлена новая новость: Завершились первые открытые квалификации по CS2 Female в рамках WEC25 by IESF!
2025-05-02 19:31:45,859 - INFO - Получение новостей завершено: 2025-05-02 19:31:45.859576
2025-05-02 21:36:09,161 - INFO - Django успешно настроен
2025-05-02 21:36:09,719 - INFO - Запуск получения новостей: 2025-05-02 21:36:09.719512
2025-05-02 21:36:09,720 - INFO - Получение новостей с URL: https://qcf.kz/novosti/
2025-05-02 21:36:16,626 - INFO - Кодировка ответа: UTF-8
2025-05-02 21:36:16,644 - INFO - Анализ структуры HTML страницы...
2025-05-02 21:36:16,648 - INFO - Найдено 8 новостей на странице
2025-05-02 21:36:16,649 - INFO - Обрабатываем новость: Финал национальных отборов по PUBG Mobile завершен!
2025-05-02 21:36:16,649 - INFO - URL новости: https://qcf.kz/final-natsionalnyh-otborov-po-pubg-mobile-zavershen/
2025-05-02 21:36:16,652 - INFO - Новость уже существует: Финал национальных отборов по PUBG Mobile завершен!
2025-05-02 21:36:16,652 - INFO - Обрабатываем новость: Национальный отбор по CS2 в рамках WEC25 завершен.
2025-05-02 21:36:16,652 - INFO - URL новости: https://qcf.kz/natsionalnyj-otbor-po-cs2-v-ramkah-wec25-zavershen/
2025-05-02 21:36:16,653 - INFO - Новость уже существует: Национальный отбор по CS2 в рамках WEC25 завершен.
2025-05-02 21:36:16,653 - INFO - Обрабатываем новость: Победитель определён!
2025-05-02 21:36:16,654 - INFO - URL новости: https://qcf.kz/pobeditel-opredelyon/
2025-05-02 21:36:16,654 - INFO - Новость уже существует: Победитель определён!
2025-05-02 21:36:16,655 - INFO - Обрабатываем новость: Турнир по CS2 Female в рамках WEC25 by IESF продолжается!
2025-05-02 21:36:16,655 - INFO - URL новости: https://qcf.kz/turnir-po-cs2-female-v-ramkah-wec25-by-iesf-prodolzhaetsya/
2025-05-02 21:36:16,656 - INFO - Новость уже существует: Турнир по CS2 Female в рамках WEC25 by IESF продолжается!
2025-05-02 21:36:16,656 - INFO - Обрабатываем новость: Стартует плей-офф CS2 WEC25 by IESF.
2025-05-02 21:36:16,656 - INFO - URL новости: https://qcf.kz/startuet-plej-off-cs2-wec25-by-iesf/
2025-05-02 21:36:16,657 - INFO - Новость уже существует: Стартует плей-офф CS2 WEC25 by IESF.
2025-05-02 21:36:16,657 - INFO - Обрабатываем новость: Раскрываем все карты и делимся призами CS2 KZ 2025 Community Cup.
2025-05-02 21:36:16,657 - INFO - URL новости: https://qcf.kz/raskryvaem-vse-karty-i-delimsya-prizami-cs2-kz-2025-community-cup/
2025-05-02 21:36:16,658 - INFO - Новость уже существует: Раскрываем все карты и делимся призами CS2 KZ 2025 Community Cup.
2025-05-02 21:36:16,658 - INFO - Обрабатываем новость: Национальные квалификации по CS2 Female WEC25 by IESF – второй день соревнований!
2025-05-02 21:36:16,659 - INFO - URL новости: https://qcf.kz/natsionalnye-kvalifikatsii-po-cs2-female-wec25-by-iesf-vtoroj-den-sorevnovanij/
2025-05-02 21:36:16,659 - INFO - Новость уже существует: Национальные квалификации по CS2 Female WEC25 by IESF – второй день соревнований!
2025-05-02 21:36:16,659 - INFO - Обрабатываем новость: Завершились первые открытые квалификации по CS2 Female в рамках WEC25 by IESF!
2025-05-02 21:36:16,659 - INFO - URL новости: https://qcf.kz/zavershilis-pervye-otkrytye-kvalifikatsii-po-cs2-female-v-ramkah-wec25-by-iesf/
2025-05-02 21:36:16,660 - INFO - Новость уже существует: Завершились первые открытые квалификации по CS2 Female в рамках WEC25 by IESF!
2025-05-02 21:36:16,660 - INFO - Получение новостей завершено: 2025-05-02 21:36:16.660665
